<?xml version="1.0" encoding="UTF-8"?>
<testsuite name="com.cnco.campusflow.CampusflowApplicationTests" tests="1" skipped="0" failures="0" errors="0" timestamp="2025-05-18T23:21:55" hostname="GOLD-DESKTOP" time="0.658">
  <properties/>
  <testcase name="contextLoads()" classname="com.cnco.campusflow.CampusflowApplicationTests" time="0.658"/>
  <system-out><![CDATA[Standard Commons Logging discovery in action with spring-jcl: please remove commons-logging.jar from classpath in order to avoid potential conflicts
08:21:45.750 [Test worker] INFO org.springframework.test.context.support.AnnotationConfigContextLoaderUtils -- Could not detect default configuration classes for test class [com.cnco.campusflow.CampusflowApplicationTests]: CampusflowApplicationTests does not declare any static, non-private, non-final, nested classes annotated with @Configuration.
08:21:45.904 [Test worker] INFO org.springframework.boot.test.context.SpringBootTestContextBootstrapper -- Found @SpringBootConfiguration com.cnco.campusflow.CampusflowApplication for test class com.cnco.campusflow.CampusflowApplicationTests

  .   ____          _            __ _ _
 /\\ / ___'_ __ _ _(_)_ __  __ _ \ \ \ \
( ( )\___ | '_ | '_| | '_ \/ _` | \ \ \ \
 \\/  ___)| |_)| | | | | || (_| |  ) ) ) )
  '  |____| .__|_| |_|_| |_\__, | / / / /
 =========|_|==============|___/=/_/_/_/
 :: Spring Boot ::                (v3.2.3)

2025-05-19T08:21:46.387+09:00  INFO 14588 --- [    Test worker] c.c.c.CampusflowApplicationTests         : Starting CampusflowApplicationTests using Java 17.0.13 with PID 14588 (started by nodeb in C:\Users\withc\Documents\campusflow)
2025-05-19T08:21:46.391+09:00  INFO 14588 --- [    Test worker] c.c.c.CampusflowApplicationTests         : No active profile set, falling back to 1 default profile: "default"
2025-05-19T08:21:47.718+09:00  INFO 14588 --- [    Test worker] .s.d.r.c.RepositoryConfigurationDelegate : Bootstrapping Spring Data JPA repositories in DEFAULT mode.
2025-05-19T08:21:47.990+09:00  INFO 14588 --- [    Test worker] .s.d.r.c.RepositoryConfigurationDelegate : Finished Spring Data repository scanning in 258 ms. Found 45 JPA repository interfaces.
2025-05-19T08:21:48.691+09:00  INFO 14588 --- [    Test worker] o.hibernate.jpa.internal.util.LogHelper  : HHH000204: Processing PersistenceUnitInfo [name: default]
2025-05-19T08:21:48.773+09:00  INFO 14588 --- [    Test worker] org.hibernate.Version                    : HHH000412: Hibernate ORM core version 6.4.4.Final
2025-05-19T08:21:48.820+09:00  INFO 14588 --- [    Test worker] o.h.c.internal.RegionFactoryInitiator    : HHH000026: Second-level cache disabled
2025-05-19T08:21:49.136+09:00  INFO 14588 --- [    Test worker] o.s.o.j.p.SpringPersistenceUnitInfo      : No LoadTimeWeaver setup: ignoring JPA class transformer
2025-05-19T08:21:49.179+09:00  INFO 14588 --- [    Test worker] com.zaxxer.hikari.HikariDataSource       : HikariPool-1 - Starting...
2025-05-19T08:21:49.324+09:00  INFO 14588 --- [    Test worker] com.zaxxer.hikari.pool.HikariPool        : HikariPool-1 - Added connection org.postgresql.jdbc.PgConnection@5cb8580
2025-05-19T08:21:49.326+09:00  INFO 14588 --- [    Test worker] com.zaxxer.hikari.HikariDataSource       : HikariPool-1 - Start completed.
2025-05-19T08:21:49.381+09:00  WARN 14588 --- [    Test worker] org.hibernate.dialect.Dialect            : HHH000511: The 10.23.0 version for [org.hibernate.dialect.PostgreSQLDialect] is no longer supported, hence certain features may not work properly. The minimum supported version is 12.0.0. Check the community dialects project for available legacy versions.
2025-05-19T08:21:51.740+09:00  INFO 14588 --- [    Test worker] o.h.e.t.j.p.i.JtaPlatformInitiator       : HHH000489: No JTA platform available (set 'hibernate.transaction.jta.platform' to enable JTA platform integration)
2025-05-19T08:21:52.464+09:00  INFO 14588 --- [    Test worker] j.LocalContainerEntityManagerFactoryBean : Initialized JPA EntityManagerFactory for persistence unit 'default'
2025-05-19T08:21:53.328+09:00  INFO 14588 --- [    Test worker] o.s.d.j.r.query.QueryEnhancerFactory     : Hibernate is in classpath; If applicable, HQL parser will be used.
2025-05-19T08:21:54.694+09:00  WARN 14588 --- [    Test worker] JpaBaseConfiguration$JpaWebConfiguration : spring.jpa.open-in-view is enabled by default. Therefore, database queries may be performed during view rendering. Explicitly configure spring.jpa.open-in-view to disable this warning
2025-05-19T08:21:55.107+09:00  INFO 14588 --- [    Test worker] o.s.s.web.DefaultSecurityFilterChain     : Will secure any request with [org.springframework.security.web.session.DisableEncodeUrlFilter@5163ba42, org.springframework.security.web.context.request.async.WebAsyncManagerIntegrationFilter@96277ae, org.springframework.security.web.context.SecurityContextHolderFilter@1e33dda, org.springframework.security.web.header.HeaderWriterFilter@5ffac740, org.springframework.security.web.authentication.logout.LogoutFilter@134a27c1, com.cnco.campusflow.jwt.JwtAuthenticationFilter@1a177f2c, org.springframework.security.web.savedrequest.RequestCacheAwareFilter@2604e76, org.springframework.security.web.servletapi.SecurityContextHolderAwareRequestFilter@786a4eb2, org.springframework.security.web.authentication.AnonymousAuthenticationFilter@7cff8996, org.springframework.security.web.session.SessionManagementFilter@3dbb7f60, org.springframework.security.web.access.ExceptionTranslationFilter@1500c6e7, org.springframework.security.web.access.intercept.AuthorizationFilter@27afeede]
2025-05-19T08:21:55.727+09:00  INFO 14588 --- [    Test worker] c.c.c.CampusflowApplicationTests         : Started CampusflowApplicationTests in 9.621 seconds (process running for 11.157)
]]></system-out>
  <system-err><![CDATA[]]></system-err>
</testsuite>
